   1                             	r8	=	0xffef0
   2                             	r16	=	0xffee8
   3                             	r24	=	0xffee0
   4                             	r9	=	0xffef1
   5                             	r17	=	0xffee9
   6                             	r25	=	0xffee1
   7                             	r10	=	0xffef2
   8                             	r18	=	0xffeea
   9                             	r26	=	0xffee2
  10                             	r11	=	0xffef3
  11                             	r19	=	0xffeeb
  12                             	r27	=	0xffee3
  13                             	r12	=	0xffef4
  14                             	r20	=	0xffeec
  15                             	r28	=	0xffee4
  16                             	r13	=	0xffef5
  17                             	r21	=	0xffeed
  18                             	r29	=	0xffee5
  19                             	r14	=	0xffef6
  20                             	r22	=	0xffeee
  21                             	r30	=	0xffee6
  22                             	r15	=	0xffef7
  23                             	r23	=	0xffeef
  24                             	r31	=	0xffee7
  25                             	MDUC	=	0xf00e8
  26                             	MDAL	=	0xffff0
  27                             	MDAH	=	0xffff2
  28                             	MDBL	=	0xffff6
  29                             	MDBH	=	0xffff4
  30                             	MDCL	=	0xf00e0
  31                             	MDCH	=	0xf00e2
  32                             	.text
  33                             	.Ltext0:
  34                             		.global	_r_adc_interrupt
  36                             	_r_adc_interrupt:
  37                             	.LFB0:
  38                             		.file 1 "../src/r_cg_adc_user.c"
   1:../src/r_cg_adc_user.c **** /**************************************************************************************************
   2:../src/r_cg_adc_user.c **** * DISCLAIMER
   3:../src/r_cg_adc_user.c **** * This software is supplied by Renesas Electronics Corporation and is only intended for use with Re
   4:../src/r_cg_adc_user.c **** * No other uses are authorized. This software is owned by Renesas Electronics Corporation and is pr
   5:../src/r_cg_adc_user.c **** * applicable laws, including copyright laws. 
   6:../src/r_cg_adc_user.c **** * THIS SOFTWARE IS PROVIDED "AS IS" AND RENESAS MAKES NO WARRANTIESREGARDING THIS SOFTWARE, WHETHER
   7:../src/r_cg_adc_user.c **** * OR STATUTORY, INCLUDING BUT NOT LIMITED TO WARRANTIES OF MERCHANTABILITY, FITNESS FOR A PARTICULA
   8:../src/r_cg_adc_user.c **** * NON-INFRINGEMENT.  ALL SUCH WARRANTIES ARE EXPRESSLY DISCLAIMED.TO THE MAXIMUM EXTENT PERMITTED N
   9:../src/r_cg_adc_user.c **** * LAW, NEITHER RENESAS ELECTRONICS CORPORATION NOR ANY OF ITS AFFILIATED COMPANIES SHALL BE LIABLE 
  10:../src/r_cg_adc_user.c **** * INDIRECT, SPECIAL, INCIDENTAL OR CONSEQUENTIAL DAMAGES FOR ANY REASON RELATED TO THIS SOFTWARE, E
  11:../src/r_cg_adc_user.c **** * ITS AFFILIATES HAVE BEEN ADVISED OF THE POSSIBILITY OF SUCH DAMAGES.
  12:../src/r_cg_adc_user.c **** * Renesas reserves the right, without notice, to make changes to this software and to discontinue t
  13:../src/r_cg_adc_user.c **** * of this software. By using this software, you agree to the additional terms and conditions found 
  14:../src/r_cg_adc_user.c **** * following link:
  15:../src/r_cg_adc_user.c **** * http://www.renesas.com/disclaimer
  16:../src/r_cg_adc_user.c **** *
  17:../src/r_cg_adc_user.c **** * Copyright (C) 2011, 2016 Renesas Electronics Corporation. All rights reserved.
  18:../src/r_cg_adc_user.c **** ***************************************************************************************************
  19:../src/r_cg_adc_user.c **** 
  20:../src/r_cg_adc_user.c **** /**************************************************************************************************
  21:../src/r_cg_adc_user.c **** * File Name    : r_cg_adc_user.c
  22:../src/r_cg_adc_user.c **** * Version      : CodeGenerator for RL78/G13 V2.03.04.01 [11 Nov 2016]
  23:../src/r_cg_adc_user.c **** * Device(s)    : R5F1006C
  24:../src/r_cg_adc_user.c **** * Tool-Chain   : GCCRL78
  25:../src/r_cg_adc_user.c **** * Description  : This file implements device driver for ADC module.
  26:../src/r_cg_adc_user.c **** * Creation Date: 8/7/2018
  27:../src/r_cg_adc_user.c **** ***************************************************************************************************
  28:../src/r_cg_adc_user.c **** 
  29:../src/r_cg_adc_user.c **** /**************************************************************************************************
  30:../src/r_cg_adc_user.c **** Includes
  31:../src/r_cg_adc_user.c **** ***************************************************************************************************
  32:../src/r_cg_adc_user.c **** #include "r_cg_macrodriver.h"
  33:../src/r_cg_adc_user.c **** #include "r_cg_adc.h"
  34:../src/r_cg_adc_user.c **** /* Start user code for include. Do not edit comment generated here */
  35:../src/r_cg_adc_user.c **** #include "board.h"
  36:../src/r_cg_adc_user.c **** /* End user code. Do not edit comment generated here */
  37:../src/r_cg_adc_user.c **** #include "r_cg_userdefine.h"
  38:../src/r_cg_adc_user.c **** 
  39:../src/r_cg_adc_user.c **** /**************************************************************************************************
  40:../src/r_cg_adc_user.c **** Global variables and functions
  41:../src/r_cg_adc_user.c **** ***************************************************************************************************
  42:../src/r_cg_adc_user.c **** /* Start user code for global. Do not edit comment generated here */
  43:../src/r_cg_adc_user.c **** /* End user code. Do not edit comment generated here */
  44:../src/r_cg_adc_user.c **** 
  45:../src/r_cg_adc_user.c **** /**************************************************************************************************
  46:../src/r_cg_adc_user.c **** * Function Name: r_adc_interrupt
  47:../src/r_cg_adc_user.c **** * Description  : This function is INTAD interrupt service routine.
  48:../src/r_cg_adc_user.c **** * Arguments    : None
  49:../src/r_cg_adc_user.c **** * Return Value : None
  50:../src/r_cg_adc_user.c **** ***************************************************************************************************
  51:../src/r_cg_adc_user.c **** void r_adc_interrupt(void)
  52:../src/r_cg_adc_user.c **** {
  39                             		.loc 1 52 0
  40                             		; start of function
  41                             		; push 14: ax bc de hl r8 r10 r12
  42 0000 61 CF                   		sel	rb0
  43 0002 C1                      		push	ax
  44                             	.LCFI0:
  45 0003 C3                      		push	bc
  46                             	.LCFI1:
  47 0004 C5                      		push	de
  48                             	.LCFI2:
  49 0005 C7                      		push	hl
  50                             	.LCFI3:
  51 0006 61 DF                   		sel	rb1
  52 0008 C1                      		push	ax ; r8
  53                             	.LCFI4:
  54 0009 C3                      		push	bc ; r10
  55                             	.LCFI5:
  56 000a C5                      		push	de ; r12
  57                             	.LCFI6:
  58 000b 61 CF                   		sel	rb0
  53:../src/r_cg_adc_user.c ****     /* Start user code. Do not edit comment generated here */
  54:../src/r_cg_adc_user.c **** 	RELAY ^= 1;
  59                             		.loc 1 54 0
  60 000d C9 F2 02 FF             		movw	r10, #-254
  61 0011 C9 F0 02 FF             		movw	r8, #-254
  62 0015 AD F0                   		movw	ax, r8
  63 0017 BD F4                   		movw	r12, ax
  64 0019 FA F4                   		movw	hl, r12
  65 001b 8B                      		mov	a, [hl]
  66 001c 31 59                   		shl	a, 5
  67 001e 31 7A                   		shr	a, 7 ;extzvmisalignqi a,[hl],#1,#2
  68 0020 9D F0                   		mov	r8, a
  69 0022 7A F0 01                		xor	r8, #1
  70 0025 5A F0 01                		and	r8, #1
  71 0028 AD F2                   		movw	ax, r10
  72 002a BD F4                   		movw	r12, ax
  73 002c FA F4                   		movw	hl, r12
  74 002e 71 04 F0                		mov1	CY, r8.0
  75 0031 71 A1                   		mov1	[hl].2, CY ;insvmisalignqi [hl],#1,#2,r8 {0}
  55:../src/r_cg_adc_user.c ****     /* End user code. Do not edit comment generated here */
  56:../src/r_cg_adc_user.c **** }
  76                             		.loc 1 56 0
  77 0033 61 DF                   		sel	rb1
  78 0035 C4                      		pop	de ; r12
  79 0036 C2                      		pop	bc ; r10
  80 0037 C0                      		pop	ax ; r8
  81 0038 61 CF                   		sel	rb0
  82 003a C6                      		pop	hl
  83 003b C4                      		pop	de
  84 003c C2                      		pop	bc
  85 003d C0                      		pop	ax
  86 003e 61 FC                   		reti
  87                             	.LFE0:
 157                             	.Letext0:
 158                             		.file 2 "../src/iodefine.h"
