   1                             	r8	=	0xffef0
   2                             	r16	=	0xffee8
   3                             	r24	=	0xffee0
   4                             	r9	=	0xffef1
   5                             	r17	=	0xffee9
   6                             	r25	=	0xffee1
   7                             	r10	=	0xffef2
   8                             	r18	=	0xffeea
   9                             	r26	=	0xffee2
  10                             	r11	=	0xffef3
  11                             	r19	=	0xffeeb
  12                             	r27	=	0xffee3
  13                             	r12	=	0xffef4
  14                             	r20	=	0xffeec
  15                             	r28	=	0xffee4
  16                             	r13	=	0xffef5
  17                             	r21	=	0xffeed
  18                             	r29	=	0xffee5
  19                             	r14	=	0xffef6
  20                             	r22	=	0xffeee
  21                             	r30	=	0xffee6
  22                             	r15	=	0xffef7
  23                             	r23	=	0xffeef
  24                             	r31	=	0xffee7
  25                             	MDUC	=	0xf00e8
  26                             	MDAL	=	0xffff0
  27                             	MDAH	=	0xffff2
  28                             	MDBL	=	0xffff6
  29                             	MDBH	=	0xffff4
  30                             	MDCL	=	0xf00e0
  31                             	MDCH	=	0xf00e2
  32                             	.text
  33                             	.Ltext0:
  34                             		.global	_R_PORT_Create
  36                             	_R_PORT_Create:
  37                             	.LFB0:
  38                             		.file 1 "../src/r_cg_port.c"
   1:../src/r_cg_port.c **** /**************************************************************************************************
   2:../src/r_cg_port.c **** * DISCLAIMER
   3:../src/r_cg_port.c **** * This software is supplied by Renesas Electronics Corporation and is only intended for use with Re
   4:../src/r_cg_port.c **** * No other uses are authorized. This software is owned by Renesas Electronics Corporation and is pr
   5:../src/r_cg_port.c **** * applicable laws, including copyright laws. 
   6:../src/r_cg_port.c **** * THIS SOFTWARE IS PROVIDED "AS IS" AND RENESAS MAKES NO WARRANTIESREGARDING THIS SOFTWARE, WHETHER
   7:../src/r_cg_port.c **** * OR STATUTORY, INCLUDING BUT NOT LIMITED TO WARRANTIES OF MERCHANTABILITY, FITNESS FOR A PARTICULA
   8:../src/r_cg_port.c **** * NON-INFRINGEMENT.  ALL SUCH WARRANTIES ARE EXPRESSLY DISCLAIMED.TO THE MAXIMUM EXTENT PERMITTED N
   9:../src/r_cg_port.c **** * LAW, NEITHER RENESAS ELECTRONICS CORPORATION NOR ANY OF ITS AFFILIATED COMPANIES SHALL BE LIABLE 
  10:../src/r_cg_port.c **** * INDIRECT, SPECIAL, INCIDENTAL OR CONSEQUENTIAL DAMAGES FOR ANY REASON RELATED TO THIS SOFTWARE, E
  11:../src/r_cg_port.c **** * ITS AFFILIATES HAVE BEEN ADVISED OF THE POSSIBILITY OF SUCH DAMAGES.
  12:../src/r_cg_port.c **** * Renesas reserves the right, without notice, to make changes to this software and to discontinue t
  13:../src/r_cg_port.c **** * of this software. By using this software, you agree to the additional terms and conditions found 
  14:../src/r_cg_port.c **** * following link:
  15:../src/r_cg_port.c **** * http://www.renesas.com/disclaimer
  16:../src/r_cg_port.c **** *
  17:../src/r_cg_port.c **** * Copyright (C) 2011, 2016 Renesas Electronics Corporation. All rights reserved.
  18:../src/r_cg_port.c **** ***************************************************************************************************
  19:../src/r_cg_port.c **** 
  20:../src/r_cg_port.c **** /**************************************************************************************************
  21:../src/r_cg_port.c **** * File Name    : r_cg_port.c
  22:../src/r_cg_port.c **** * Version      : CodeGenerator for RL78/G13 V2.03.04.01 [11 Nov 2016]
  23:../src/r_cg_port.c **** * Device(s)    : R5F1006C
  24:../src/r_cg_port.c **** * Tool-Chain   : GCCRL78
  25:../src/r_cg_port.c **** * Description  : This file implements device driver for PORT module.
  26:../src/r_cg_port.c **** * Creation Date: 8/7/2018
  27:../src/r_cg_port.c **** ***************************************************************************************************
  28:../src/r_cg_port.c **** 
  29:../src/r_cg_port.c **** /**************************************************************************************************
  30:../src/r_cg_port.c **** Includes
  31:../src/r_cg_port.c **** ***************************************************************************************************
  32:../src/r_cg_port.c **** #include "r_cg_macrodriver.h"
  33:../src/r_cg_port.c **** #include "r_cg_port.h"
  34:../src/r_cg_port.c **** /* Start user code for include. Do not edit comment generated here */
  35:../src/r_cg_port.c **** /* End user code. Do not edit comment generated here */
  36:../src/r_cg_port.c **** #include "r_cg_userdefine.h"
  37:../src/r_cg_port.c **** 
  38:../src/r_cg_port.c **** /**************************************************************************************************
  39:../src/r_cg_port.c **** Global variables and functions
  40:../src/r_cg_port.c **** ***************************************************************************************************
  41:../src/r_cg_port.c **** /* Start user code for global. Do not edit comment generated here */
  42:../src/r_cg_port.c **** /* End user code. Do not edit comment generated here */
  43:../src/r_cg_port.c **** 
  44:../src/r_cg_port.c **** /**************************************************************************************************
  45:../src/r_cg_port.c **** * Function Name: R_PORT_Create
  46:../src/r_cg_port.c **** * Description  : This function initializes the Port I/O.
  47:../src/r_cg_port.c **** * Arguments    : None
  48:../src/r_cg_port.c **** * Return Value : None
  49:../src/r_cg_port.c **** ***************************************************************************************************
  50:../src/r_cg_port.c **** void R_PORT_Create(void)
  51:../src/r_cg_port.c **** {
  39                             		.loc 1 51 0
  52:../src/r_cg_port.c ****     P1 = _00_Pn0_OUTPUT_0 | _00_Pn1_OUTPUT_0;
  40                             		.loc 1 52 0
  41 0000 C9 F0 01 FF             		movw	r8, #-255
  42 0004 AD F0                   		movw	ax, r8
  43 0006 BD F2                   		movw	r10, ax
  44 0008 EA F2                   		movw	de, r10
  45 000a F1                      		clrb	a
  46 000b 99                      		mov	[de], a
  53:../src/r_cg_port.c ****     P2 = _00_Pn1_OUTPUT_0 | _00_Pn2_OUTPUT_0;
  47                             		.loc 1 53 0
  48 000c C9 F0 02 FF             		movw	r8, #-254
  49 0010 AD F0                   		movw	ax, r8
  50 0012 BD F2                   		movw	r10, ax
  51 0014 EA F2                   		movw	de, r10
  52 0016 F1                      		clrb	a
  53 0017 99                      		mov	[de], a
  54:../src/r_cg_port.c ****     P14 = _00_Pn7_OUTPUT_0;
  54                             		.loc 1 54 0
  55 0018 C9 F0 0E FF             		movw	r8, #-242
  56 001c AD F0                   		movw	ax, r8
  57 001e BD F2                   		movw	r10, ax
  58 0020 EA F2                   		movw	de, r10
  59 0022 F1                      		clrb	a
  60 0023 99                      		mov	[de], a
  55:../src/r_cg_port.c ****     POM1 = _80_POMn7_NCH_ON;
  61                             		.loc 1 55 0
  62 0024 C9 F0 51 00             		movw	r8, #81
  63 0028 AD F0                   		movw	ax, r8
  64 002a BD F2                   		movw	r10, ax
  65 002c EA F2                   		movw	de, r10
  66 002e 51 80                   		mov	a, #-128
  67 0030 99                      		mov	[de], a
  56:../src/r_cg_port.c ****     PMC14 = _00_PMCn7_DI_ON | _7F_PMC14_DEFAULT;
  68                             		.loc 1 56 0
  69 0031 C9 F0 6E 00             		movw	r8, #110
  70 0035 AD F0                   		movw	ax, r8
  71 0037 BD F2                   		movw	r10, ax
  72 0039 EA F2                   		movw	de, r10
  73 003b 51 7F                   		mov	a, #127
  74 003d 99                      		mov	[de], a
  57:../src/r_cg_port.c ****     ADPC = _02_ADPC_DI_ON;
  75                             		.loc 1 57 0
  76 003e C9 F0 76 00             		movw	r8, #118
  77 0042 AD F0                   		movw	ax, r8
  78 0044 BD F2                   		movw	r10, ax
  79 0046 EA F2                   		movw	de, r10
  80 0048 51 02                   		mov	a, #2
  81 004a 99                      		mov	[de], a
  58:../src/r_cg_port.c ****     PM1 = _00_PMn0_MODE_OUTPUT | _00_PMn1_MODE_OUTPUT | _04_PMn2_NOT_USE | _40_PMn6_NOT_USE | _80_P
  82                             		.loc 1 58 0
  83 004b C9 F0 21 FF             		movw	r8, #-223
  84 004f AD F0                   		movw	ax, r8
  85 0051 BD F2                   		movw	r10, ax
  86 0053 EA F2                   		movw	de, r10
  87 0055 51 FC                   		mov	a, #-4
  88 0057 99                      		mov	[de], a
  59:../src/r_cg_port.c ****           _38_PM1_DEFAULT;
  60:../src/r_cg_port.c ****     PM2 = _01_PMn0_NOT_USE | _00_PMn1_MODE_OUTPUT | _00_PMn2_MODE_OUTPUT | _F8_PM2_DEFAULT;
  89                             		.loc 1 60 0
  90 0058 C9 F0 22 FF             		movw	r8, #-222
  91 005c AD F0                   		movw	ax, r8
  92 005e BD F2                   		movw	r10, ax
  93 0060 EA F2                   		movw	de, r10
  94 0062 51 F9                   		mov	a, #-7
  95 0064 99                      		mov	[de], a
  61:../src/r_cg_port.c ****     PM14 = _00_PMn7_MODE_OUTPUT | _7F_PM14_DEFAULT;
  96                             		.loc 1 61 0
  97 0065 C9 F0 2E FF             		movw	r8, #-210
  98 0069 AD F0                   		movw	ax, r8
  99 006b BD F2                   		movw	r10, ax
 100 006d EA F2                   		movw	de, r10
 101 006f 51 7F                   		mov	a, #127
 102 0071 99                      		mov	[de], a
  62:../src/r_cg_port.c **** }
 103                             		.loc 1 62 0
 104 0072 D7                      		ret
 105                             	.LFE0:
 133                             	.Letext0:
 134                             		.file 2 "../src/iodefine.h"
 135                             		.file 3 "../src/iodefine_ext.h"
