   1                             	r8	=	0xffef0
   2                             	r16	=	0xffee8
   3                             	r24	=	0xffee0
   4                             	r9	=	0xffef1
   5                             	r17	=	0xffee9
   6                             	r25	=	0xffee1
   7                             	r10	=	0xffef2
   8                             	r18	=	0xffeea
   9                             	r26	=	0xffee2
  10                             	r11	=	0xffef3
  11                             	r19	=	0xffeeb
  12                             	r27	=	0xffee3
  13                             	r12	=	0xffef4
  14                             	r20	=	0xffeec
  15                             	r28	=	0xffee4
  16                             	r13	=	0xffef5
  17                             	r21	=	0xffeed
  18                             	r29	=	0xffee5
  19                             	r14	=	0xffef6
  20                             	r22	=	0xffeee
  21                             	r30	=	0xffee6
  22                             	r15	=	0xffef7
  23                             	r23	=	0xffeef
  24                             	r31	=	0xffee7
  25                             	MDUC	=	0xf00e8
  26                             	MDAL	=	0xffff0
  27                             	MDAH	=	0xffff2
  28                             	MDBL	=	0xffff6
  29                             	MDBH	=	0xffff4
  30                             	MDCL	=	0xf00e0
  31                             	MDCH	=	0xf00e2
  32                             	.text
  33                             	.Ltext0:
  34                             		.global	_R_Systeminit
  36                             	_R_Systeminit:
  37                             	.LFB0:
  38                             		.file 1 "../src/r_hardware_setup.c"
   1:../src/r_hardware_setup.c **** /**************************************************************************************************
   2:../src/r_hardware_setup.c **** * DISCLAIMER
   3:../src/r_hardware_setup.c **** * This software is supplied by Renesas Electronics Corporation and is only intended for use with Re
   4:../src/r_hardware_setup.c **** * No other uses are authorized. This software is owned by Renesas Electronics Corporation and is pr
   5:../src/r_hardware_setup.c **** * applicable laws, including copyright laws. 
   6:../src/r_hardware_setup.c **** * THIS SOFTWARE IS PROVIDED "AS IS" AND RENESAS MAKES NO WARRANTIESREGARDING THIS SOFTWARE, WHETHER
   7:../src/r_hardware_setup.c **** * OR STATUTORY, INCLUDING BUT NOT LIMITED TO WARRANTIES OF MERCHANTABILITY, FITNESS FOR A PARTICULA
   8:../src/r_hardware_setup.c **** * NON-INFRINGEMENT.  ALL SUCH WARRANTIES ARE EXPRESSLY DISCLAIMED.TO THE MAXIMUM EXTENT PERMITTED N
   9:../src/r_hardware_setup.c **** * LAW, NEITHER RENESAS ELECTRONICS CORPORATION NOR ANY OF ITS AFFILIATED COMPANIES SHALL BE LIABLE 
  10:../src/r_hardware_setup.c **** * INDIRECT, SPECIAL, INCIDENTAL OR CONSEQUENTIAL DAMAGES FOR ANY REASON RELATED TO THIS SOFTWARE, E
  11:../src/r_hardware_setup.c **** * ITS AFFILIATES HAVE BEEN ADVISED OF THE POSSIBILITY OF SUCH DAMAGES.
  12:../src/r_hardware_setup.c **** * Renesas reserves the right, without notice, to make changes to this software and to discontinue t
  13:../src/r_hardware_setup.c **** * of this software. By using this software, you agree to the additional terms and conditions found 
  14:../src/r_hardware_setup.c **** * following link:
  15:../src/r_hardware_setup.c **** * http://www.renesas.com/disclaimer
  16:../src/r_hardware_setup.c **** *
  17:../src/r_hardware_setup.c **** * Copyright (C) 2011, 2016 Renesas Electronics Corporation. All rights reserved.
  18:../src/r_hardware_setup.c **** ***************************************************************************************************
  19:../src/r_hardware_setup.c **** 
  20:../src/r_hardware_setup.c **** /**************************************************************************************************
  21:../src/r_hardware_setup.c **** * File Name    : r_hardware_setup.c
  22:../src/r_hardware_setup.c **** * Version      : CodeGenerator for RL78/G13 V2.03.04.01 [11 Nov 2016]
  23:../src/r_hardware_setup.c **** * Device(s)    : R5F1006C
  24:../src/r_hardware_setup.c **** * Tool-Chain   : GCCRL78
  25:../src/r_hardware_setup.c **** * Description  : This file implements system initializing function.
  26:../src/r_hardware_setup.c **** * Creation Date: 8/7/2018
  27:../src/r_hardware_setup.c **** ***************************************************************************************************
  28:../src/r_hardware_setup.c **** 
  29:../src/r_hardware_setup.c **** /**************************************************************************************************
  30:../src/r_hardware_setup.c **** Includes
  31:../src/r_hardware_setup.c **** ***************************************************************************************************
  32:../src/r_hardware_setup.c **** #include "r_cg_macrodriver.h"
  33:../src/r_hardware_setup.c **** #include "r_cg_cgc.h"
  34:../src/r_hardware_setup.c **** #include "r_cg_port.h"
  35:../src/r_hardware_setup.c **** #include "r_cg_serial.h"
  36:../src/r_hardware_setup.c **** #include "r_cg_adc.h"
  37:../src/r_hardware_setup.c **** #include "r_cg_timer.h"
  38:../src/r_hardware_setup.c **** /* Start user code for include. Do not edit comment generated here */
  39:../src/r_hardware_setup.c **** /* End user code. Do not edit comment generated here */
  40:../src/r_hardware_setup.c **** #include "r_cg_userdefine.h"
  41:../src/r_hardware_setup.c **** 
  42:../src/r_hardware_setup.c **** /**************************************************************************************************
  43:../src/r_hardware_setup.c **** Global variables and functions
  44:../src/r_hardware_setup.c **** ***************************************************************************************************
  45:../src/r_hardware_setup.c **** /* Start user code for global. Do not edit comment generated here */
  46:../src/r_hardware_setup.c **** /* End user code. Do not edit comment generated here */
  47:../src/r_hardware_setup.c **** int HardwareSetup(void);
  48:../src/r_hardware_setup.c **** void R_Systeminit(void);
  49:../src/r_hardware_setup.c **** 
  50:../src/r_hardware_setup.c **** 
  51:../src/r_hardware_setup.c **** /**************************************************************************************************
  52:../src/r_hardware_setup.c **** * Function Name: R_Systeminit
  53:../src/r_hardware_setup.c **** * Description  : This function initializes every macro.
  54:../src/r_hardware_setup.c **** * Arguments    : None
  55:../src/r_hardware_setup.c **** * Return Value : None
  56:../src/r_hardware_setup.c **** ***************************************************************************************************
  57:../src/r_hardware_setup.c **** void R_Systeminit(void)
  58:../src/r_hardware_setup.c **** {
  39                             		.loc 1 58 0
  59:../src/r_hardware_setup.c ****     R_CGC_Get_ResetSource();
  40                             		.loc 1 59 0
  41 0000 FC 00 00 00             		call	!!%code(_R_CGC_Get_ResetSource)
  60:../src/r_hardware_setup.c ****     R_CGC_Create();
  42                             		.loc 1 60 0
  43 0004 FC 00 00 00             		call	!!%code(_R_CGC_Create)
  61:../src/r_hardware_setup.c ****     R_PORT_Create();
  44                             		.loc 1 61 0
  45 0008 FC 00 00 00             		call	!!%code(_R_PORT_Create)
  62:../src/r_hardware_setup.c ****     R_SAU0_Create();
  46                             		.loc 1 62 0
  47 000c FC 00 00 00             		call	!!%code(_R_SAU0_Create)
  63:../src/r_hardware_setup.c ****     R_ADC_Create();
  48                             		.loc 1 63 0
  49 0010 FC 00 00 00             		call	!!%code(_R_ADC_Create)
  64:../src/r_hardware_setup.c ****     R_TAU0_Create();
  50                             		.loc 1 64 0
  51 0014 FC 00 00 00             		call	!!%code(_R_TAU0_Create)
  65:../src/r_hardware_setup.c **** 
  66:../src/r_hardware_setup.c ****     IAWCTL = 0x00U;
  52                             		.loc 1 66 0
  53 0018 C9 F0 78 00             		movw	r8, #120
  54 001c AD F0                   		movw	ax, r8
  55 001e BD F2                   		movw	r10, ax
  56 0020 EA F2                   		movw	de, r10
  57 0022 F1                      		clrb	a
  58 0023 99                      		mov	[de], a
  67:../src/r_hardware_setup.c **** }
  59                             		.loc 1 67 0
  60 0024 D7                      		ret
  61                             	.LFE0:
  63                             		.global	_HardwareSetup
  65                             	_HardwareSetup:
  66                             	.LFB1:
  68:../src/r_hardware_setup.c **** 
  69:../src/r_hardware_setup.c **** /**************************************************************************************************
  70:../src/r_hardware_setup.c **** * Function Name: HardwareSetup
  71:../src/r_hardware_setup.c **** * Description  : This function initializes hardware setting.
  72:../src/r_hardware_setup.c **** * Arguments    : None
  73:../src/r_hardware_setup.c **** * Return Value : None
  74:../src/r_hardware_setup.c **** ***************************************************************************************************
  75:../src/r_hardware_setup.c **** int HardwareSetup(void)
  76:../src/r_hardware_setup.c **** {
  67                             		.loc 1 76 0
  68                             		; start of function
  69                             		; locals: 2 bytes
  70 0025 20 02                   		subw	sp, #2
  71                             	.LCFI0:
  77:../src/r_hardware_setup.c ****     DI();
  72                             		.loc 1 77 0
  73                             	 ; 77 "../src/r_hardware_setup.c" 1
  74 0027 71 7B FA                		di
  75                             	 ; 0 "" 2
  78:../src/r_hardware_setup.c ****     R_Systeminit();
  76                             		.loc 1 78 0
  77 002a FC 00 00 00             		call	!!%code(_R_Systeminit)
  79:../src/r_hardware_setup.c **** 
  80:../src/r_hardware_setup.c ****     return (1U);
  78                             		.loc 1 80 0
  79 002e E6                      		onew	ax
  80 002f B8 00                   		movw	[sp], ax
  81 0031 BD F0                   		movw	r8, ax
  81:../src/r_hardware_setup.c **** }
  82                             		.loc 1 81 0
  83 0033 10 02                   		addw	sp, #2
  84 0035 D7                      		ret
  85                             	.LFE1:
 125                             	.Letext0:
